<?xml version="1.0" encoding="UTF-8"?>
<testsuite xmlns:xsi="http://www.w3.org/2001/XMLSchema-instance" xsi:noNamespaceSchemaLocation="https://maven.apache.org/surefire/maven-surefire-plugin/xsd/surefire-test-report.xsd" name="com.lc.demo.test.StudentMapperTest" time="0.001" tests="1" errors="0" skipped="0" failures="0">
  <properties>
    <property name="sun.desktop" value="windows"/>
    <property name="awt.toolkit" value="sun.awt.windows.WToolkit"/>
    <property name="file.encoding.pkg" value="sun.io"/>
    <property name="java.specification.version" value="1.8"/>
    <property name="sun.cpu.isalist" value="amd64"/>
    <property name="sun.jnu.encoding" value="GBK"/>
    <property name="java.class.path" value="E:\ideaProjects\StuInfoSystem\target\test-classes;E:\ideaProjects\StuInfoSystem\target\classes;E:\maven\apache-maven-3.6.3-bin\apache-maven-3.6.3\repo\org\springframework\boot\spring-boot-starter-jdbc\2.4.1\spring-boot-starter-jdbc-2.4.1.jar;E:\maven\apache-maven-3.6.3-bin\apache-maven-3.6.3\repo\org\springframework\boot\spring-boot-starter\2.4.1\spring-boot-starter-2.4.1.jar;E:\maven\apache-maven-3.6.3-bin\apache-maven-3.6.3\repo\org\springframework\boot\spring-boot\2.4.1\spring-boot-2.4.1.jar;E:\maven\apache-maven-3.6.3-bin\apache-maven-3.6.3\repo\org\springframework\boot\spring-boot-autoconfigure\2.4.1\spring-boot-autoconfigure-2.4.1.jar;E:\maven\apache-maven-3.6.3-bin\apache-maven-3.6.3\repo\org\springframework\boot\spring-boot-starter-logging\2.4.1\spring-boot-starter-logging-2.4.1.jar;E:\maven\apache-maven-3.6.3-bin\apache-maven-3.6.3\repo\ch\qos\logback\logback-classic\1.2.3\logback-classic-1.2.3.jar;E:\maven\apache-maven-3.6.3-bin\apache-maven-3.6.3\repo\ch\qos\logback\logback-core\1.2.3\logback-core-1.2.3.jar;E:\maven\apache-maven-3.6.3-bin\apache-maven-3.6.3\repo\org\apache\logging\log4j\log4j-to-slf4j\2.13.3\log4j-to-slf4j-2.13.3.jar;E:\maven\apache-maven-3.6.3-bin\apache-maven-3.6.3\repo\org\apache\logging\log4j\log4j-api\2.13.3\log4j-api-2.13.3.jar;E:\maven\apache-maven-3.6.3-bin\apache-maven-3.6.3\repo\org\slf4j\jul-to-slf4j\1.7.30\jul-to-slf4j-1.7.30.jar;E:\maven\apache-maven-3.6.3-bin\apache-maven-3.6.3\repo\org\yaml\snakeyaml\1.27\snakeyaml-1.27.jar;E:\maven\apache-maven-3.6.3-bin\apache-maven-3.6.3\repo\com\zaxxer\HikariCP\3.4.5\HikariCP-3.4.5.jar;E:\maven\apache-maven-3.6.3-bin\apache-maven-3.6.3\repo\org\slf4j\slf4j-api\1.7.30\slf4j-api-1.7.30.jar;E:\maven\apache-maven-3.6.3-bin\apache-maven-3.6.3\repo\org\springframework\spring-jdbc\5.3.2\spring-jdbc-5.3.2.jar;E:\maven\apache-maven-3.6.3-bin\apache-maven-3.6.3\repo\org\springframework\spring-beans\5.3.2\spring-beans-5.3.2.jar;E:\maven\apache-maven-3.6.3-bin\apache-maven-3.6.3\repo\org\springframework\spring-tx\5.3.2\spring-tx-5.3.2.jar;E:\maven\apache-maven-3.6.3-bin\apache-maven-3.6.3\repo\mysql\mysql-connector-java\8.0.11\mysql-connector-java-8.0.11.jar;E:\maven\apache-maven-3.6.3-bin\apache-maven-3.6.3\repo\org\springframework\boot\spring-boot-starter-thymeleaf\2.4.1\spring-boot-starter-thymeleaf-2.4.1.jar;E:\maven\apache-maven-3.6.3-bin\apache-maven-3.6.3\repo\org\thymeleaf\thymeleaf-spring5\3.0.11.RELEASE\thymeleaf-spring5-3.0.11.RELEASE.jar;E:\maven\apache-maven-3.6.3-bin\apache-maven-3.6.3\repo\org\thymeleaf\thymeleaf\3.0.11.RELEASE\thymeleaf-3.0.11.RELEASE.jar;E:\maven\apache-maven-3.6.3-bin\apache-maven-3.6.3\repo\org\attoparser\attoparser\2.0.5.RELEASE\attoparser-2.0.5.RELEASE.jar;E:\maven\apache-maven-3.6.3-bin\apache-maven-3.6.3\repo\org\unbescape\unbescape\1.1.6.RELEASE\unbescape-1.1.6.RELEASE.jar;E:\maven\apache-maven-3.6.3-bin\apache-maven-3.6.3\repo\org\thymeleaf\extras\thymeleaf-extras-java8time\3.0.4.RELEASE\thymeleaf-extras-java8time-3.0.4.RELEASE.jar;E:\maven\apache-maven-3.6.3-bin\apache-maven-3.6.3\repo\com\alibaba\druid\1.1.8\druid-1.1.8.jar;E:\maven\apache-maven-3.6.3-bin\apache-maven-3.6.3\repo\net\minidev\json-smart\2.2.1\json-smart-2.2.1.jar;E:\maven\apache-maven-3.6.3-bin\apache-maven-3.6.3\repo\net\minidev\accessors-smart\1.1\accessors-smart-1.1.jar;E:\maven\apache-maven-3.6.3-bin\apache-maven-3.6.3\repo\org\ow2\asm\asm\5.0.3\asm-5.0.3.jar;E:\maven\apache-maven-3.6.3-bin\apache-maven-3.6.3\repo\org\springframework\boot\spring-boot-starter-web\2.4.1\spring-boot-starter-web-2.4.1.jar;E:\maven\apache-maven-3.6.3-bin\apache-maven-3.6.3\repo\org\springframework\boot\spring-boot-starter-json\2.4.1\spring-boot-starter-json-2.4.1.jar;E:\maven\apache-maven-3.6.3-bin\apache-maven-3.6.3\repo\com\fasterxml\jackson\core\jackson-databind\2.11.3\jackson-databind-2.11.3.jar;E:\maven\apache-maven-3.6.3-bin\apache-maven-3.6.3\repo\com\fasterxml\jackson\core\jackson-annotations\2.11.3\jackson-annotations-2.11.3.jar;E:\maven\apache-maven-3.6.3-bin\apache-maven-3.6.3\repo\com\fasterxml\jackson\core\jackson-core\2.11.3\jackson-core-2.11.3.jar;E:\maven\apache-maven-3.6.3-bin\apache-maven-3.6.3\repo\com\fasterxml\jackson\datatype\jackson-datatype-jdk8\2.11.3\jackson-datatype-jdk8-2.11.3.jar;E:\maven\apache-maven-3.6.3-bin\apache-maven-3.6.3\repo\com\fasterxml\jackson\datatype\jackson-datatype-jsr310\2.11.3\jackson-datatype-jsr310-2.11.3.jar;E:\maven\apache-maven-3.6.3-bin\apache-maven-3.6.3\repo\com\fasterxml\jackson\module\jackson-module-parameter-names\2.11.3\jackson-module-parameter-names-2.11.3.jar;E:\maven\apache-maven-3.6.3-bin\apache-maven-3.6.3\repo\org\springframework\spring-web\5.3.2\spring-web-5.3.2.jar;E:\maven\apache-maven-3.6.3-bin\apache-maven-3.6.3\repo\org\springframework\spring-webmvc\5.3.2\spring-webmvc-5.3.2.jar;E:\maven\apache-maven-3.6.3-bin\apache-maven-3.6.3\repo\org\springframework\spring-aop\5.3.2\spring-aop-5.3.2.jar;E:\maven\apache-maven-3.6.3-bin\apache-maven-3.6.3\repo\org\springframework\spring-context\5.3.2\spring-context-5.3.2.jar;E:\maven\apache-maven-3.6.3-bin\apache-maven-3.6.3\repo\org\springframework\spring-expression\5.3.2\spring-expression-5.3.2.jar;E:\maven\apache-maven-3.6.3-bin\apache-maven-3.6.3\repo\org\mybatis\spring\boot\mybatis-spring-boot-starter\1.3.1\mybatis-spring-boot-starter-1.3.1.jar;E:\maven\apache-maven-3.6.3-bin\apache-maven-3.6.3\repo\org\mybatis\spring\boot\mybatis-spring-boot-autoconfigure\1.3.1\mybatis-spring-boot-autoconfigure-1.3.1.jar;E:\maven\apache-maven-3.6.3-bin\apache-maven-3.6.3\repo\org\mybatis\mybatis\3.4.5\mybatis-3.4.5.jar;E:\maven\apache-maven-3.6.3-bin\apache-maven-3.6.3\repo\org\mybatis\mybatis-spring\1.3.1\mybatis-spring-1.3.1.jar;E:\maven\apache-maven-3.6.3-bin\apache-maven-3.6.3\repo\org\springframework\boot\spring-boot-starter-tomcat\2.4.1\spring-boot-starter-tomcat-2.4.1.jar;E:\maven\apache-maven-3.6.3-bin\apache-maven-3.6.3\repo\jakarta\annotation\jakarta.annotation-api\1.3.5\jakarta.annotation-api-1.3.5.jar;E:\maven\apache-maven-3.6.3-bin\apache-maven-3.6.3\repo\org\apache\tomcat\embed\tomcat-embed-core\9.0.41\tomcat-embed-core-9.0.41.jar;E:\maven\apache-maven-3.6.3-bin\apache-maven-3.6.3\repo\org\glassfish\jakarta.el\3.0.3\jakarta.el-3.0.3.jar;E:\maven\apache-maven-3.6.3-bin\apache-maven-3.6.3\repo\org\apache\tomcat\embed\tomcat-embed-websocket\9.0.41\tomcat-embed-websocket-9.0.41.jar;E:\maven\apache-maven-3.6.3-bin\apache-maven-3.6.3\repo\org\springframework\boot\spring-boot-starter-test\2.4.1\spring-boot-starter-test-2.4.1.jar;E:\maven\apache-maven-3.6.3-bin\apache-maven-3.6.3\repo\org\springframework\boot\spring-boot-test\2.4.1\spring-boot-test-2.4.1.jar;E:\maven\apache-maven-3.6.3-bin\apache-maven-3.6.3\repo\org\springframework\boot\spring-boot-test-autoconfigure\2.4.1\spring-boot-test-autoconfigure-2.4.1.jar;E:\maven\apache-maven-3.6.3-bin\apache-maven-3.6.3\repo\com\jayway\jsonpath\json-path\2.4.0\json-path-2.4.0.jar;E:\maven\apache-maven-3.6.3-bin\apache-maven-3.6.3\repo\jakarta\xml\bind\jakarta.xml.bind-api\2.3.3\jakarta.xml.bind-api-2.3.3.jar;E:\maven\apache-maven-3.6.3-bin\apache-maven-3.6.3\repo\jakarta\activation\jakarta.activation-api\1.2.2\jakarta.activation-api-1.2.2.jar;E:\maven\apache-maven-3.6.3-bin\apache-maven-3.6.3\repo\org\assertj\assertj-core\3.18.1\assertj-core-3.18.1.jar;E:\maven\apache-maven-3.6.3-bin\apache-maven-3.6.3\repo\org\hamcrest\hamcrest\2.2\hamcrest-2.2.jar;E:\maven\apache-maven-3.6.3-bin\apache-maven-3.6.3\repo\org\junit\jupiter\junit-jupiter\5.7.0\junit-jupiter-5.7.0.jar;E:\maven\apache-maven-3.6.3-bin\apache-maven-3.6.3\repo\org\junit\jupiter\junit-jupiter-api\5.7.0\junit-jupiter-api-5.7.0.jar;E:\maven\apache-maven-3.6.3-bin\apache-maven-3.6.3\repo\org\apiguardian\apiguardian-api\1.1.0\apiguardian-api-1.1.0.jar;E:\maven\apache-maven-3.6.3-bin\apache-maven-3.6.3\repo\org\opentest4j\opentest4j\1.2.0\opentest4j-1.2.0.jar;E:\maven\apache-maven-3.6.3-bin\apache-maven-3.6.3\repo\org\junit\platform\junit-platform-commons\1.7.0\junit-platform-commons-1.7.0.jar;E:\maven\apache-maven-3.6.3-bin\apache-maven-3.6.3\repo\org\junit\jupiter\junit-jupiter-params\5.7.0\junit-jupiter-params-5.7.0.jar;E:\maven\apache-maven-3.6.3-bin\apache-maven-3.6.3\repo\org\junit\jupiter\junit-jupiter-engine\5.7.0\junit-jupiter-engine-5.7.0.jar;E:\maven\apache-maven-3.6.3-bin\apache-maven-3.6.3\repo\org\junit\platform\junit-platform-engine\1.7.0\junit-platform-engine-1.7.0.jar;E:\maven\apache-maven-3.6.3-bin\apache-maven-3.6.3\repo\org\mockito\mockito-core\3.6.28\mockito-core-3.6.28.jar;E:\maven\apache-maven-3.6.3-bin\apache-maven-3.6.3\repo\net\bytebuddy\byte-buddy\1.10.18\byte-buddy-1.10.18.jar;E:\maven\apache-maven-3.6.3-bin\apache-maven-3.6.3\repo\net\bytebuddy\byte-buddy-agent\1.10.18\byte-buddy-agent-1.10.18.jar;E:\maven\apache-maven-3.6.3-bin\apache-maven-3.6.3\repo\org\objenesis\objenesis\3.1\objenesis-3.1.jar;E:\maven\apache-maven-3.6.3-bin\apache-maven-3.6.3\repo\org\mockito\mockito-junit-jupiter\3.6.28\mockito-junit-jupiter-3.6.28.jar;E:\maven\apache-maven-3.6.3-bin\apache-maven-3.6.3\repo\org\skyscreamer\jsonassert\1.5.0\jsonassert-1.5.0.jar;E:\maven\apache-maven-3.6.3-bin\apache-maven-3.6.3\repo\com\vaadin\external\google\android-json\0.0.20131108.vaadin1\android-json-0.0.20131108.vaadin1.jar;E:\maven\apache-maven-3.6.3-bin\apache-maven-3.6.3\repo\org\springframework\spring-core\5.3.2\spring-core-5.3.2.jar;E:\maven\apache-maven-3.6.3-bin\apache-maven-3.6.3\repo\org\springframework\spring-jcl\5.3.2\spring-jcl-5.3.2.jar;E:\maven\apache-maven-3.6.3-bin\apache-maven-3.6.3\repo\org\springframework\spring-test\5.3.2\spring-test-5.3.2.jar;E:\maven\apache-maven-3.6.3-bin\apache-maven-3.6.3\repo\org\xmlunit\xmlunit-core\2.7.0\xmlunit-core-2.7.0.jar;E:\maven\apache-maven-3.6.3-bin\apache-maven-3.6.3\repo\junit\junit\4.12\junit-4.12.jar;E:\maven\apache-maven-3.6.3-bin\apache-maven-3.6.3\repo\org\hamcrest\hamcrest-core\2.2\hamcrest-core-2.2.jar;E:\maven\apache-maven-3.6.3-bin\apache-maven-3.6.3\repo\org\springframework\boot\spring-boot-configuration-processor\2.4.1\spring-boot-configuration-processor-2.4.1.jar;E:\maven\apache-maven-3.6.3-bin\apache-maven-3.6.3\repo\org\apache\ibatis\ibatis-core\3.0\ibatis-core-3.0.jar;"/>
    <property name="java.vm.vendor" value="Oracle Corporation"/>
    <property name="sun.arch.data.model" value="64"/>
    <property name="user.variant" value=""/>
    <property name="java.vendor.url" value="http://java.oracle.com/"/>
    <property name="user.timezone" value="Asia/Shanghai"/>
    <property name="java.vm.specification.version" value="1.8"/>
    <property name="os.name" value="Windows 10"/>
    <property name="user.country" value="CN"/>
    <property name="sun.java.launcher" value="SUN_STANDARD"/>
    <property name="sun.boot.library.path" value="C:\JAVA\jdk1.8.0_111\jre\bin"/>
    <property name="sun.java.command" value="C:\Users\daier\AppData\Local\Temp\surefire3514989496538566709\surefirebooter6674067421452541363.jar C:\Users\daier\AppData\Local\Temp\surefire3514989496538566709 2021-01-05T01-05-11_982-jvmRun1 surefire7737255494318399217tmp surefire_04137025766479705191tmp"/>
    <property name="surefire.test.class.path" value="E:\ideaProjects\StuInfoSystem\target\test-classes;E:\ideaProjects\StuInfoSystem\target\classes;E:\maven\apache-maven-3.6.3-bin\apache-maven-3.6.3\repo\org\springframework\boot\spring-boot-starter-jdbc\2.4.1\spring-boot-starter-jdbc-2.4.1.jar;E:\maven\apache-maven-3.6.3-bin\apache-maven-3.6.3\repo\org\springframework\boot\spring-boot-starter\2.4.1\spring-boot-starter-2.4.1.jar;E:\maven\apache-maven-3.6.3-bin\apache-maven-3.6.3\repo\org\springframework\boot\spring-boot\2.4.1\spring-boot-2.4.1.jar;E:\maven\apache-maven-3.6.3-bin\apache-maven-3.6.3\repo\org\springframework\boot\spring-boot-autoconfigure\2.4.1\spring-boot-autoconfigure-2.4.1.jar;E:\maven\apache-maven-3.6.3-bin\apache-maven-3.6.3\repo\org\springframework\boot\spring-boot-starter-logging\2.4.1\spring-boot-starter-logging-2.4.1.jar;E:\maven\apache-maven-3.6.3-bin\apache-maven-3.6.3\repo\ch\qos\logback\logback-classic\1.2.3\logback-classic-1.2.3.jar;E:\maven\apache-maven-3.6.3-bin\apache-maven-3.6.3\repo\ch\qos\logback\logback-core\1.2.3\logback-core-1.2.3.jar;E:\maven\apache-maven-3.6.3-bin\apache-maven-3.6.3\repo\org\apache\logging\log4j\log4j-to-slf4j\2.13.3\log4j-to-slf4j-2.13.3.jar;E:\maven\apache-maven-3.6.3-bin\apache-maven-3.6.3\repo\org\apache\logging\log4j\log4j-api\2.13.3\log4j-api-2.13.3.jar;E:\maven\apache-maven-3.6.3-bin\apache-maven-3.6.3\repo\org\slf4j\jul-to-slf4j\1.7.30\jul-to-slf4j-1.7.30.jar;E:\maven\apache-maven-3.6.3-bin\apache-maven-3.6.3\repo\org\yaml\snakeyaml\1.27\snakeyaml-1.27.jar;E:\maven\apache-maven-3.6.3-bin\apache-maven-3.6.3\repo\com\zaxxer\HikariCP\3.4.5\HikariCP-3.4.5.jar;E:\maven\apache-maven-3.6.3-bin\apache-maven-3.6.3\repo\org\slf4j\slf4j-api\1.7.30\slf4j-api-1.7.30.jar;E:\maven\apache-maven-3.6.3-bin\apache-maven-3.6.3\repo\org\springframework\spring-jdbc\5.3.2\spring-jdbc-5.3.2.jar;E:\maven\apache-maven-3.6.3-bin\apache-maven-3.6.3\repo\org\springframework\spring-beans\5.3.2\spring-beans-5.3.2.jar;E:\maven\apache-maven-3.6.3-bin\apache-maven-3.6.3\repo\org\springframework\spring-tx\5.3.2\spring-tx-5.3.2.jar;E:\maven\apache-maven-3.6.3-bin\apache-maven-3.6.3\repo\mysql\mysql-connector-java\8.0.11\mysql-connector-java-8.0.11.jar;E:\maven\apache-maven-3.6.3-bin\apache-maven-3.6.3\repo\org\springframework\boot\spring-boot-starter-thymeleaf\2.4.1\spring-boot-starter-thymeleaf-2.4.1.jar;E:\maven\apache-maven-3.6.3-bin\apache-maven-3.6.3\repo\org\thymeleaf\thymeleaf-spring5\3.0.11.RELEASE\thymeleaf-spring5-3.0.11.RELEASE.jar;E:\maven\apache-maven-3.6.3-bin\apache-maven-3.6.3\repo\org\thymeleaf\thymeleaf\3.0.11.RELEASE\thymeleaf-3.0.11.RELEASE.jar;E:\maven\apache-maven-3.6.3-bin\apache-maven-3.6.3\repo\org\attoparser\attoparser\2.0.5.RELEASE\attoparser-2.0.5.RELEASE.jar;E:\maven\apache-maven-3.6.3-bin\apache-maven-3.6.3\repo\org\unbescape\unbescape\1.1.6.RELEASE\unbescape-1.1.6.RELEASE.jar;E:\maven\apache-maven-3.6.3-bin\apache-maven-3.6.3\repo\org\thymeleaf\extras\thymeleaf-extras-java8time\3.0.4.RELEASE\thymeleaf-extras-java8time-3.0.4.RELEASE.jar;E:\maven\apache-maven-3.6.3-bin\apache-maven-3.6.3\repo\com\alibaba\druid\1.1.8\druid-1.1.8.jar;E:\maven\apache-maven-3.6.3-bin\apache-maven-3.6.3\repo\net\minidev\json-smart\2.2.1\json-smart-2.2.1.jar;E:\maven\apache-maven-3.6.3-bin\apache-maven-3.6.3\repo\net\minidev\accessors-smart\1.1\accessors-smart-1.1.jar;E:\maven\apache-maven-3.6.3-bin\apache-maven-3.6.3\repo\org\ow2\asm\asm\5.0.3\asm-5.0.3.jar;E:\maven\apache-maven-3.6.3-bin\apache-maven-3.6.3\repo\org\springframework\boot\spring-boot-starter-web\2.4.1\spring-boot-starter-web-2.4.1.jar;E:\maven\apache-maven-3.6.3-bin\apache-maven-3.6.3\repo\org\springframework\boot\spring-boot-starter-json\2.4.1\spring-boot-starter-json-2.4.1.jar;E:\maven\apache-maven-3.6.3-bin\apache-maven-3.6.3\repo\com\fasterxml\jackson\core\jackson-databind\2.11.3\jackson-databind-2.11.3.jar;E:\maven\apache-maven-3.6.3-bin\apache-maven-3.6.3\repo\com\fasterxml\jackson\core\jackson-annotations\2.11.3\jackson-annotations-2.11.3.jar;E:\maven\apache-maven-3.6.3-bin\apache-maven-3.6.3\repo\com\fasterxml\jackson\core\jackson-core\2.11.3\jackson-core-2.11.3.jar;E:\maven\apache-maven-3.6.3-bin\apache-maven-3.6.3\repo\com\fasterxml\jackson\datatype\jackson-datatype-jdk8\2.11.3\jackson-datatype-jdk8-2.11.3.jar;E:\maven\apache-maven-3.6.3-bin\apache-maven-3.6.3\repo\com\fasterxml\jackson\datatype\jackson-datatype-jsr310\2.11.3\jackson-datatype-jsr310-2.11.3.jar;E:\maven\apache-maven-3.6.3-bin\apache-maven-3.6.3\repo\com\fasterxml\jackson\module\jackson-module-parameter-names\2.11.3\jackson-module-parameter-names-2.11.3.jar;E:\maven\apache-maven-3.6.3-bin\apache-maven-3.6.3\repo\org\springframework\spring-web\5.3.2\spring-web-5.3.2.jar;E:\maven\apache-maven-3.6.3-bin\apache-maven-3.6.3\repo\org\springframework\spring-webmvc\5.3.2\spring-webmvc-5.3.2.jar;E:\maven\apache-maven-3.6.3-bin\apache-maven-3.6.3\repo\org\springframework\spring-aop\5.3.2\spring-aop-5.3.2.jar;E:\maven\apache-maven-3.6.3-bin\apache-maven-3.6.3\repo\org\springframework\spring-context\5.3.2\spring-context-5.3.2.jar;E:\maven\apache-maven-3.6.3-bin\apache-maven-3.6.3\repo\org\springframework\spring-expression\5.3.2\spring-expression-5.3.2.jar;E:\maven\apache-maven-3.6.3-bin\apache-maven-3.6.3\repo\org\mybatis\spring\boot\mybatis-spring-boot-starter\1.3.1\mybatis-spring-boot-starter-1.3.1.jar;E:\maven\apache-maven-3.6.3-bin\apache-maven-3.6.3\repo\org\mybatis\spring\boot\mybatis-spring-boot-autoconfigure\1.3.1\mybatis-spring-boot-autoconfigure-1.3.1.jar;E:\maven\apache-maven-3.6.3-bin\apache-maven-3.6.3\repo\org\mybatis\mybatis\3.4.5\mybatis-3.4.5.jar;E:\maven\apache-maven-3.6.3-bin\apache-maven-3.6.3\repo\org\mybatis\mybatis-spring\1.3.1\mybatis-spring-1.3.1.jar;E:\maven\apache-maven-3.6.3-bin\apache-maven-3.6.3\repo\org\springframework\boot\spring-boot-starter-tomcat\2.4.1\spring-boot-starter-tomcat-2.4.1.jar;E:\maven\apache-maven-3.6.3-bin\apache-maven-3.6.3\repo\jakarta\annotation\jakarta.annotation-api\1.3.5\jakarta.annotation-api-1.3.5.jar;E:\maven\apache-maven-3.6.3-bin\apache-maven-3.6.3\repo\org\apache\tomcat\embed\tomcat-embed-core\9.0.41\tomcat-embed-core-9.0.41.jar;E:\maven\apache-maven-3.6.3-bin\apache-maven-3.6.3\repo\org\glassfish\jakarta.el\3.0.3\jakarta.el-3.0.3.jar;E:\maven\apache-maven-3.6.3-bin\apache-maven-3.6.3\repo\org\apache\tomcat\embed\tomcat-embed-websocket\9.0.41\tomcat-embed-websocket-9.0.41.jar;E:\maven\apache-maven-3.6.3-bin\apache-maven-3.6.3\repo\org\springframework\boot\spring-boot-starter-test\2.4.1\spring-boot-starter-test-2.4.1.jar;E:\maven\apache-maven-3.6.3-bin\apache-maven-3.6.3\repo\org\springframework\boot\spring-boot-test\2.4.1\spring-boot-test-2.4.1.jar;E:\maven\apache-maven-3.6.3-bin\apache-maven-3.6.3\repo\org\springframework\boot\spring-boot-test-autoconfigure\2.4.1\spring-boot-test-autoconfigure-2.4.1.jar;E:\maven\apache-maven-3.6.3-bin\apache-maven-3.6.3\repo\com\jayway\jsonpath\json-path\2.4.0\json-path-2.4.0.jar;E:\maven\apache-maven-3.6.3-bin\apache-maven-3.6.3\repo\jakarta\xml\bind\jakarta.xml.bind-api\2.3.3\jakarta.xml.bind-api-2.3.3.jar;E:\maven\apache-maven-3.6.3-bin\apache-maven-3.6.3\repo\jakarta\activation\jakarta.activation-api\1.2.2\jakarta.activation-api-1.2.2.jar;E:\maven\apache-maven-3.6.3-bin\apache-maven-3.6.3\repo\org\assertj\assertj-core\3.18.1\assertj-core-3.18.1.jar;E:\maven\apache-maven-3.6.3-bin\apache-maven-3.6.3\repo\org\hamcrest\hamcrest\2.2\hamcrest-2.2.jar;E:\maven\apache-maven-3.6.3-bin\apache-maven-3.6.3\repo\org\junit\jupiter\junit-jupiter\5.7.0\junit-jupiter-5.7.0.jar;E:\maven\apache-maven-3.6.3-bin\apache-maven-3.6.3\repo\org\junit\jupiter\junit-jupiter-api\5.7.0\junit-jupiter-api-5.7.0.jar;E:\maven\apache-maven-3.6.3-bin\apache-maven-3.6.3\repo\org\apiguardian\apiguardian-api\1.1.0\apiguardian-api-1.1.0.jar;E:\maven\apache-maven-3.6.3-bin\apache-maven-3.6.3\repo\org\opentest4j\opentest4j\1.2.0\opentest4j-1.2.0.jar;E:\maven\apache-maven-3.6.3-bin\apache-maven-3.6.3\repo\org\junit\platform\junit-platform-commons\1.7.0\junit-platform-commons-1.7.0.jar;E:\maven\apache-maven-3.6.3-bin\apache-maven-3.6.3\repo\org\junit\jupiter\junit-jupiter-params\5.7.0\junit-jupiter-params-5.7.0.jar;E:\maven\apache-maven-3.6.3-bin\apache-maven-3.6.3\repo\org\junit\jupiter\junit-jupiter-engine\5.7.0\junit-jupiter-engine-5.7.0.jar;E:\maven\apache-maven-3.6.3-bin\apache-maven-3.6.3\repo\org\junit\platform\junit-platform-engine\1.7.0\junit-platform-engine-1.7.0.jar;E:\maven\apache-maven-3.6.3-bin\apache-maven-3.6.3\repo\org\mockito\mockito-core\3.6.28\mockito-core-3.6.28.jar;E:\maven\apache-maven-3.6.3-bin\apache-maven-3.6.3\repo\net\bytebuddy\byte-buddy\1.10.18\byte-buddy-1.10.18.jar;E:\maven\apache-maven-3.6.3-bin\apache-maven-3.6.3\repo\net\bytebuddy\byte-buddy-agent\1.10.18\byte-buddy-agent-1.10.18.jar;E:\maven\apache-maven-3.6.3-bin\apache-maven-3.6.3\repo\org\objenesis\objenesis\3.1\objenesis-3.1.jar;E:\maven\apache-maven-3.6.3-bin\apache-maven-3.6.3\repo\org\mockito\mockito-junit-jupiter\3.6.28\mockito-junit-jupiter-3.6.28.jar;E:\maven\apache-maven-3.6.3-bin\apache-maven-3.6.3\repo\org\skyscreamer\jsonassert\1.5.0\jsonassert-1.5.0.jar;E:\maven\apache-maven-3.6.3-bin\apache-maven-3.6.3\repo\com\vaadin\external\google\android-json\0.0.20131108.vaadin1\android-json-0.0.20131108.vaadin1.jar;E:\maven\apache-maven-3.6.3-bin\apache-maven-3.6.3\repo\org\springframework\spring-core\5.3.2\spring-core-5.3.2.jar;E:\maven\apache-maven-3.6.3-bin\apache-maven-3.6.3\repo\org\springframework\spring-jcl\5.3.2\spring-jcl-5.3.2.jar;E:\maven\apache-maven-3.6.3-bin\apache-maven-3.6.3\repo\org\springframework\spring-test\5.3.2\spring-test-5.3.2.jar;E:\maven\apache-maven-3.6.3-bin\apache-maven-3.6.3\repo\org\xmlunit\xmlunit-core\2.7.0\xmlunit-core-2.7.0.jar;E:\maven\apache-maven-3.6.3-bin\apache-maven-3.6.3\repo\junit\junit\4.12\junit-4.12.jar;E:\maven\apache-maven-3.6.3-bin\apache-maven-3.6.3\repo\org\hamcrest\hamcrest-core\2.2\hamcrest-core-2.2.jar;E:\maven\apache-maven-3.6.3-bin\apache-maven-3.6.3\repo\org\springframework\boot\spring-boot-configuration-processor\2.4.1\spring-boot-configuration-processor-2.4.1.jar;E:\maven\apache-maven-3.6.3-bin\apache-maven-3.6.3\repo\org\apache\ibatis\ibatis-core\3.0\ibatis-core-3.0.jar;"/>
    <property name="sun.cpu.endian" value="little"/>
    <property name="user.home" value="C:\Users\daier"/>
    <property name="user.language" value="zh"/>
    <property name="java.specification.vendor" value="Oracle Corporation"/>
    <property name="java.home" value="C:\JAVA\jdk1.8.0_111\jre"/>
    <property name="basedir" value="E:\ideaProjects\StuInfoSystem"/>
    <property name="file.separator" value="\"/>
    <property name="line.separator" value="&#10;"/>
    <property name="java.vm.specification.vendor" value="Oracle Corporation"/>
    <property name="java.specification.name" value="Java Platform API Specification"/>
    <property name="java.awt.graphicsenv" value="sun.awt.Win32GraphicsEnvironment"/>
    <property name="idea.version2020.1.1" value="true"/>
    <property name="surefire.real.class.path" value="C:\Users\daier\AppData\Local\Temp\surefire3514989496538566709\surefirebooter6674067421452541363.jar"/>
    <property name="sun.boot.class.path" value="C:\JAVA\jdk1.8.0_111\jre\lib\resources.jar;C:\JAVA\jdk1.8.0_111\jre\lib\rt.jar;C:\JAVA\jdk1.8.0_111\jre\lib\sunrsasign.jar;C:\JAVA\jdk1.8.0_111\jre\lib\jsse.jar;C:\JAVA\jdk1.8.0_111\jre\lib\jce.jar;C:\JAVA\jdk1.8.0_111\jre\lib\charsets.jar;C:\JAVA\jdk1.8.0_111\jre\lib\jfr.jar;C:\JAVA\jdk1.8.0_111\jre\classes"/>
    <property name="user.script" value=""/>
    <property name="sun.management.compiler" value="HotSpot 64-Bit Tiered Compilers"/>
    <property name="java.runtime.version" value="1.8.0_111-b14"/>
    <property name="user.name" value="daier"/>
    <property name="path.separator" value=";"/>
    <property name="os.version" value="10.0"/>
    <property name="java.endorsed.dirs" value="C:\JAVA\jdk1.8.0_111\jre\lib\endorsed"/>
    <property name="java.runtime.name" value="Java(TM) SE Runtime Environment"/>
    <property name="file.encoding" value="GBK"/>
    <property name="java.vm.name" value="Java HotSpot(TM) 64-Bit Server VM"/>
    <property name="localRepository" value="E:\maven\apache-maven-3.6.3-bin\apache-maven-3.6.3\repo"/>
    <property name="java.vendor.url.bug" value="http://bugreport.sun.com/bugreport/"/>
    <property name="java.io.tmpdir" value="C:\Users\daier\AppData\Local\Temp\"/>
    <property name="java.version" value="1.8.0_111"/>
    <property name="user.dir" value="E:\ideaProjects\StuInfoSystem"/>
    <property name="os.arch" value="amd64"/>
    <property name="java.vm.specification.name" value="Java Virtual Machine Specification"/>
    <property name="java.awt.printerjob" value="sun.awt.windows.WPrinterJob"/>
    <property name="sun.os.patch.level" value=""/>
    <property name="java.library.path" value="C:\JAVA\jdk1.8.0_111\jre\bin;C:\WINDOWS\Sun\Java\bin;C:\WINDOWS\system32;C:\WINDOWS;E:\maven\apache-maven-3.6.3-bin\apache-maven-3.6.3\bin;E:\xshell\;E:\Anaconda\Library\mingw-w64\bin;E:\Anaconda\Library\usr\bin;E:\Anaconda\Library\bin;E:\Anaconda\Scripts;C:\Program Files (x86)\Intel\Intel(R) Management Engine Components\iCLS\;C:\Program Files\Intel\Intel(R) Management Engine Components\iCLS\;C:\Windows\system32;C:\Windows;C:\Windows\System32\Wbem;C:\Windows\System32\WindowsPowerShell\v1.0\;C:\Program Files (x86)\NVIDIA Corporation\PhysX\Common;C:\Program Files (x86)\Intel\Intel(R) Management Engine Components\DAL;C:\Program Files\Intel\Intel(R) Management Engine Components\DAL;C:\Program Files (x86)\Intel\Intel(R) Management Engine Components\IPT;C:\Program Files\Intel\Intel(R) Management Engine Components\IPT;C:\WINDOWS\system32;C:\WINDOWS;C:\WINDOWS\System32\Wbem;C:\WINDOWS\System32\WindowsPowerShell\v1.0\;C:\WINDOWS\System32\OpenSSH\;C:\Program Files\NVIDIA Corporation\NVIDIA NvDLISR;C:\Program Files\Intel\WiFi\bin\;C:\Program Files\Common Files\Intel\WirelessCommon\;C:\JAVA\jdk1.8.0_111\bin;D:\Program Files\Microsoft SQL Server\110\DTS\Binn\;D:\Program Files (x86)\Microsoft SQL Server\110\Tools\Binn\;D:\Program Files\Microsoft SQL Server\110\Tools\Binn\;D:\Program Files (x86)\Microsoft SQL Server\110\Tools\Binn\ManagementStudio\;C:\Program Files (x86)\Microsoft Visual Studio 10.0\Common7\IDE\PrivateAssemblies\;D:\Program Files (x86)\Microsoft SQL Server\110\DTS\Binn\;C:\Program Files\dotnet\;D:\Program Files\Microsoft SQL Server\130\Tools\Binn\;C:\Users\daier;F:\MySQL\MySQL Utilities 1.6\;F:\MySQL\MySQL Server 8.0\bin;F:\rose\common;F:\Git\Git\cmd;F:\MySQL\MySQL Shell 8.0\bin\;."/>
    <property name="java.vm.info" value="mixed mode"/>
    <property name="java.vendor" value="Oracle Corporation"/>
    <property name="java.vm.version" value="25.111-b14"/>
    <property name="java.ext.dirs" value="C:\JAVA\jdk1.8.0_111\jre\lib\ext;C:\WINDOWS\Sun\Java\lib\ext"/>
    <property name="sun.io.unicode.encoding" value="UnicodeLittle"/>
    <property name="maven.repo.local" value="E:\maven\apache-maven-3.6.3-bin\apache-maven-3.6.3\repo"/>
    <property name="java.class.version" value="52.0"/>
  </properties>
  <testcase name="selectStudentByIdAndPass" classname="com.lc.demo.test.StudentMapperTest" time="0"/>
</testsuite>